Determining if the pthread_create exist failed with the following output:
Change Dir: /pvnet/lib/csrc/uncertainty_pnp/include/ceres-bin/CMakeFiles/CMakeTmp

Run Build Command:"/usr/bin/make" "cmTC_25a5c/fast"
/usr/bin/make -f CMakeFiles/cmTC_25a5c.dir/build.make CMakeFiles/cmTC_25a5c.dir/build
make[1]: Entering directory '/pvnet/lib/csrc/uncertainty_pnp/include/ceres-bin/CMakeFiles/CMakeTmp'
Building C object CMakeFiles/cmTC_25a5c.dir/CheckSymbolExists.c.o
/usr/bin/cc    -o CMakeFiles/cmTC_25a5c.dir/CheckSymbolExists.c.o   -c /pvnet/lib/csrc/uncertainty_pnp/include/ceres-bin/CMakeFiles/CMakeTmp/CheckSymbolExists.c
Linking C executable cmTC_25a5c
/usr/bin/cmake -E cmake_link_script CMakeFiles/cmTC_25a5c.dir/link.txt --verbose=1
/usr/bin/cc      CMakeFiles/cmTC_25a5c.dir/CheckSymbolExists.c.o  -o cmTC_25a5c 
CMakeFiles/cmTC_25a5c.dir/CheckSymbolExists.c.o: In function `main':
CheckSymbolExists.c:(.text+0x1b): undefined reference to `pthread_create'
collect2: error: ld returned 1 exit status
CMakeFiles/cmTC_25a5c.dir/build.make:97: recipe for target 'cmTC_25a5c' failed
make[1]: *** [cmTC_25a5c] Error 1
make[1]: Leaving directory '/pvnet/lib/csrc/uncertainty_pnp/include/ceres-bin/CMakeFiles/CMakeTmp'
Makefile:126: recipe for target 'cmTC_25a5c/fast' failed
make: *** [cmTC_25a5c/fast] Error 2

File /pvnet/lib/csrc/uncertainty_pnp/include/ceres-bin/CMakeFiles/CMakeTmp/CheckSymbolExists.c:
/* */
#include <pthread.h>

int main(int argc, char** argv)
{
  (void)argv;
#ifndef pthread_create
  return ((int*)(&pthread_create))[argc];
#else
  (void)argc;
  return 0;
#endif
}

Determining if the function pthread_create exists in the pthreads failed with the following output:
Change Dir: /pvnet/lib/csrc/uncertainty_pnp/include/ceres-bin/CMakeFiles/CMakeTmp

Run Build Command:"/usr/bin/make" "cmTC_9f253/fast"
/usr/bin/make -f CMakeFiles/cmTC_9f253.dir/build.make CMakeFiles/cmTC_9f253.dir/build
make[1]: Entering directory '/pvnet/lib/csrc/uncertainty_pnp/include/ceres-bin/CMakeFiles/CMakeTmp'
Building C object CMakeFiles/cmTC_9f253.dir/CheckFunctionExists.c.o
/usr/bin/cc   -DCHECK_FUNCTION_EXISTS=pthread_create   -o CMakeFiles/cmTC_9f253.dir/CheckFunctionExists.c.o   -c /usr/share/cmake-3.10/Modules/CheckFunctionExists.c
Linking C executable cmTC_9f253
/usr/bin/cmake -E cmake_link_script CMakeFiles/cmTC_9f253.dir/link.txt --verbose=1
/usr/bin/cc  -DCHECK_FUNCTION_EXISTS=pthread_create    CMakeFiles/cmTC_9f253.dir/CheckFunctionExists.c.o  -o cmTC_9f253 -lpthreads 
/usr/bin/ld: cannot find -lpthreads
collect2: error: ld returned 1 exit status
CMakeFiles/cmTC_9f253.dir/build.make:97: recipe for target 'cmTC_9f253' failed
make[1]: *** [cmTC_9f253] Error 1
make[1]: Leaving directory '/pvnet/lib/csrc/uncertainty_pnp/include/ceres-bin/CMakeFiles/CMakeTmp'
Makefile:126: recipe for target 'cmTC_9f253/fast' failed
make: *** [cmTC_9f253/fast] Error 2


